<?xml version="1.0" encoding="UTF-8"?>
<testng-results ignored="0" total="1" passed="1" failed="0" skipped="0">
  <reporter-output>
  </reporter-output>
  <suite started-at="2024-03-15T12:51:34 IST" name="Default suite" finished-at="2024-03-15T12:51:38 IST" duration-ms="3470">
    <groups>
    </groups>
    <test started-at="2024-03-15T12:51:34 IST" name="Default test" finished-at="2024-03-15T12:51:38 IST" duration-ms="3470">
      <class name="basicTest.OrganizationsTest">
        <test-method signature="createOrganizationsTest()[pri:0, instance:basicTest.OrganizationsTest@59af0466]" started-at="2024-03-15T12:51:34 IST" name="createOrganizationsTest" finished-at="2024-03-15T12:51:38 IST" duration-ms="3446" status="PASS">
          <reporter-output>
          </reporter-output>
        </test-method> <!-- createOrganizationsTest -->
      </class> <!-- basicTest.OrganizationsTest -->
    </test> <!-- Default test -->
  </suite> <!-- Default suite -->
</testng-results>
